2021-03-05 08:33:39,987:WARNING:discord.client: PyNaCl is not installed, voice will NOT be supported
2021-03-05 08:33:39,989:INFO:discord.client: logging in using static token
2021-03-05 08:33:40,522:INFO:discord.gateway: Shard ID None has sent the IDENTIFY payload.
2021-03-05 08:33:40,724:INFO:discord.gateway: Shard ID None has connected to Gateway: ["gateway-prd-main-ck0r",{"micros":88243,"calls":["discord-sessions-prd-2-108",{"micros":86601,"calls":["start_session",{"micros":75353,"calls":["api-prd-main-38db",{"micros":72657,"calls":["get_user",{"micros":6217},"add_authorized_ip",{"micros":5052},"get_guilds",{"micros":15261},"coros_wait",{"micros":2}]}]},"guilds_connect",{"micros":2,"calls":[]},"presence_connect",{"micros":4132,"calls":[]}]}]}] (Session ID: 24031c4df89944300feaea6825761af4).
2021-03-05 08:34:03,258:INFO:discord: title 1 arguments: fuos
2021-03-05 09:52:22,311:INFO:discord.gateway: Websocket closed with 1006, attempting a reconnect.
2021-03-05 09:52:22,583:INFO:discord.client: Got a request to RESUME the websocket.
2021-03-05 09:52:24,300:INFO:discord.gateway: Shard ID None has sent the RESUME payload.
2021-03-05 09:52:24,449:INFO:discord.gateway: Shard ID None has successfully RESUMED session 24031c4df89944300feaea6825761af4 under trace ["gateway-prd-main-qxsn",{"micros":756,"calls":["discord-sessions-prd-2-108",{"micros":17}]}].
2021-03-05 09:54:05,741:INFO:discord.gateway: Timed out receiving packet. Attempting a reconnect.
2021-03-05 09:54:05,744:INFO:discord.client: Got a request to RESUME the websocket.
2021-03-05 09:54:06,332:INFO:discord.gateway: Shard ID None has sent the RESUME payload.
2021-03-05 09:54:06,434:INFO:discord.gateway: Shard ID None has successfully RESUMED session 24031c4df89944300feaea6825761af4 under trace ["gateway-prd-main-fbdm",{"micros":832,"calls":["discord-sessions-prd-2-108",{"micros":14}]}].
2021-03-05 10:11:27,838:INFO:discord.client: Got a request to RESUME the websocket.
2021-03-05 10:11:28,144:INFO:discord.gateway: Shard ID None has sent the RESUME payload.
2021-03-05 10:11:28,248:INFO:discord.gateway: Shard ID None has successfully RESUMED session 24031c4df89944300feaea6825761af4 under trace ["gateway-prd-main-s65n",{"micros":6258,"calls":["discord-sessions-prd-2-108",{"micros":15}]}].
2021-03-05 12:44:43,768:INFO:discord.gateway: Websocket closed with 1006, attempting a reconnect.
2021-03-05 12:44:43,772:INFO:discord.client: Got a request to RESUME the websocket.
2021-03-05 12:44:44,606:INFO:discord.gateway: Shard ID None has sent the RESUME payload.
2021-03-05 12:44:44,758:INFO:discord.gateway: Shard ID None session has been invalidated.
2021-03-05 12:44:44,890:INFO:discord.client: Got a request to IDENTIFY the websocket.
2021-03-05 12:44:50,239:INFO:discord.gateway: Shard ID None has sent the IDENTIFY payload.
2021-03-05 12:44:50,372:INFO:discord.gateway: Shard ID None has connected to Gateway: ["gateway-prd-main-8c2t",{"micros":36801,"calls":["discord-sessions-prd-2-73",{"micros":31412,"calls":["start_session",{"micros":29447,"calls":["api-prd-main-3bd6",{"micros":26833,"calls":["get_user",{"micros":3803},"add_authorized_ip",{"micros":1574},"get_guilds",{"micros":4731},"coros_wait",{"micros":1}]}]},"guilds_connect",{"micros":1,"calls":[]},"presence_connect",{"micros":1,"calls":[]}]}]}] (Session ID: f5050e65a133fe4668ae529d47523edd).
2021-03-05 15:03:29,939:INFO:discord.gateway: Websocket closed with 1006, attempting a reconnect.
2021-03-05 15:03:30,031:INFO:discord.client: Got a request to RESUME the websocket.
2021-03-05 15:03:30,410:INFO:discord.gateway: Shard ID None has sent the RESUME payload.
2021-03-05 15:03:30,502:INFO:discord.gateway: Shard ID None session has been invalidated.
2021-03-05 15:03:30,802:INFO:discord.client: Got a request to IDENTIFY the websocket.
2021-03-05 15:03:35,989:INFO:discord.gateway: Shard ID None has sent the IDENTIFY payload.
2021-03-05 15:03:36,927:INFO:discord.gateway: Shard ID None has connected to Gateway: ["gateway-prd-main-kk2f",{"micros":50946,"calls":["discord-sessions-prd-2-30",{"micros":49551,"calls":["start_session",{"micros":26484,"calls":["api-prd-main-s866",{"micros":23932,"calls":["get_user",{"micros":3414},"add_authorized_ip",{"micros":1339},"get_guilds",{"micros":4545},"coros_wait",{"micros":0}]}]},"guilds_connect",{"micros":1,"calls":[]},"presence_connect",{"micros":6312,"calls":[]}]}]}] (Session ID: 48a1bc8362de20308412fc597a86e533).
